build/app/intermediates/manifest_merge_blame_file/debug/manifest-merger-blame-debug-report.txt
1<?xml version="1.0" encoding="utf-8"?>
2<manifest xmlns:android="http://schemas.android.com/apk/res/android"
3    package="com.mycompany.eventphoto"
4    android:versionCode="1"
5    android:versionName="1.0.0" >
6
7    <uses-sdk
8        android:minSdkVersion="23"
9        android:targetSdkVersion="34" />
10    <!--
11         Flutter needs it to communicate with the running application
12         to allow setting breakpoints, to provide hot reload, etc.
13    -->
14    <uses-permission android:name="android.permission.INTERNET" />
14-->src\main\AndroidManifest.xml:4:5-66
14-->src\main\AndroidManifest.xml:4:22-64
15    <uses-permission android:name="android.permission.CAMERA" />
15-->src\main\AndroidManifest.xml:5:5-64
15-->src\main\AndroidManifest.xml:5:22-62
16    <uses-permission
16-->src\main\AndroidManifest.xml:6:5-106
17        android:name="android.permission.READ_EXTERNAL_STORAGE"
17-->src\main\AndroidManifest.xml:6:22-77
18        android:maxSdkVersion="32" />
18-->src\main\AndroidManifest.xml:6:78-104
19    <uses-permission
19-->src\main\AndroidManifest.xml:7:5-145
20        android:name="android.permission.WRITE_EXTERNAL_STORAGE"
20-->src\main\AndroidManifest.xml:7:22-78
21        android:maxSdkVersion="32" />
21-->src\main\AndroidManifest.xml:7:79-105
22    <uses-permission android:name="android.permission.READ_MEDIA_IMAGES" />
22-->src\main\AndroidManifest.xml:8:5-75
22-->src\main\AndroidManifest.xml:8:22-73
23    <uses-permission android:name="android.permission.READ_MEDIA_VIDEO" />
23-->src\main\AndroidManifest.xml:9:5-74
23-->src\main\AndroidManifest.xml:9:22-72
24
25    <uses-feature android:name="android.hardware.camera.any" />
25-->[:camera_android_camerax] AndroidManifest.xml:7:5-64
25-->[:camera_android_camerax] AndroidManifest.xml:7:19-61
26
27    <uses-permission android:name="android.permission.RECORD_AUDIO" />
27-->[:camera_android_camerax] AndroidManifest.xml:10:5-71
27-->[:camera_android_camerax] AndroidManifest.xml:10:22-68
28
29    <queries>
29-->[:file_picker] AndroidManifest.xml:11:5-17:15
30        <intent>
30-->[:file_picker] AndroidManifest.xml:12:9-16:18
31            <action android:name="android.intent.action.GET_CONTENT" />
31-->[:file_picker] AndroidManifest.xml:13:13-72
31-->[:file_picker] AndroidManifest.xml:13:21-69
32
33            <data android:mimeType="*/*" />
33-->src\main\AndroidManifest.xml:52:17-83
34        </intent>
35    </queries>
36
37    <uses-permission android:name="android.permission.ACCESS_NETWORK_STATE" />
37-->[com.google.firebase:firebase-auth:23.1.0] AndroidManifest.xml:26:5-79
37-->[com.google.firebase:firebase-auth:23.1.0] AndroidManifest.xml:26:22-76
38    <uses-permission android:name="com.google.android.providers.gsf.permission.READ_GSERVICES" />
38-->[com.google.android.recaptcha:recaptcha:18.5.1] AndroidManifest.xml:9:5-98
38-->[com.google.android.recaptcha:recaptcha:18.5.1] AndroidManifest.xml:9:22-95
39
40    <permission
40-->[androidx.core:core:1.13.1] AndroidManifest.xml:22:5-24:47
41        android:name="com.mycompany.eventphoto.DYNAMIC_RECEIVER_NOT_EXPORTED_PERMISSION"
41-->[androidx.core:core:1.13.1] AndroidManifest.xml:23:9-81
42        android:protectionLevel="signature" />
42-->[androidx.core:core:1.13.1] AndroidManifest.xml:24:9-44
43
44    <uses-permission android:name="com.mycompany.eventphoto.DYNAMIC_RECEIVER_NOT_EXPORTED_PERMISSION" />
44-->[androidx.core:core:1.13.1] AndroidManifest.xml:26:5-97
44-->[androidx.core:core:1.13.1] AndroidManifest.xml:26:22-94
45
46    <application
46-->src\main\AndroidManifest.xml:11:5-65:19
47        android:appComponentFactory="androidx.core.app.CoreComponentFactory"
47-->[androidx.core:core:1.13.1] AndroidManifest.xml:28:18-86
48        android:debuggable="true"
49        android:extractNativeLibs="false"
50        android:icon="@mipmap/ic_launcher"
50-->src\main\AndroidManifest.xml:14:9-43
51        android:label="Event Photo"
51-->src\main\AndroidManifest.xml:12:9-36
52        android:requestLegacyExternalStorage="true" >
52-->src\main\AndroidManifest.xml:15:9-52
53        <activity
53-->src\main\AndroidManifest.xml:17:9-55:20
54            android:name="com.mycompany.eventphoto.MainActivity"
54-->src\main\AndroidManifest.xml:18:13-41
55            android:configChanges="orientation|keyboardHidden|keyboard|screenSize|smallestScreenSize|locale|layoutDirection|fontScale|screenLayout|density|uiMode"
55-->src\main\AndroidManifest.xml:22:13-163
56            android:exported="true"
56-->src\main\AndroidManifest.xml:19:13-36
57            android:hardwareAccelerated="true"
57-->src\main\AndroidManifest.xml:23:13-47
58            android:launchMode="singleTop"
58-->src\main\AndroidManifest.xml:20:13-43
59            android:theme="@style/LaunchTheme"
59-->src\main\AndroidManifest.xml:21:13-47
60            android:windowSoftInputMode="adjustResize" >
60-->src\main\AndroidManifest.xml:24:13-55
61
62            <!--
63                 Specifies an Android theme to apply to this Activity as soon as
64                 the Android process has started. This theme is visible to the user
65                 while the Flutter UI initializes. After that, this theme continues
66                 to determine the Window background behind the Flutter UI.
67            -->
68            <meta-data
68-->src\main\AndroidManifest.xml:29:13-32:17
69                android:name="io.flutter.embedding.android.NormalTheme"
69-->src\main\AndroidManifest.xml:30:15-70
70                android:resource="@style/NormalTheme" />
70-->src\main\AndroidManifest.xml:31:15-52
71            <!--
72                 Displays an Android View that continues showing the launch screen
73                 Drawable until Flutter paints its first frame, then this splash
74                 screen fades out. A splash screen is useful to avoid any visual
75                 gap between the end of Android's launch screen and the painting of
76                 Flutter's first frame.
77            -->
78            <meta-data
78-->src\main\AndroidManifest.xml:38:13-41:17
79                android:name="io.flutter.embedding.android.SplashScreenDrawable"
79-->src\main\AndroidManifest.xml:39:15-79
80                android:resource="@drawable/launch_background" />
80-->src\main\AndroidManifest.xml:40:15-61
81
82            <intent-filter>
82-->src\main\AndroidManifest.xml:42:13-45:29
83                <action android:name="android.intent.action.MAIN" />
83-->src\main\AndroidManifest.xml:43:17-68
83-->src\main\AndroidManifest.xml:43:25-66
84
85                <category android:name="android.intent.category.LAUNCHER" />
85-->src\main\AndroidManifest.xml:44:17-76
85-->src\main\AndroidManifest.xml:44:27-74
86            </intent-filter>
87            <!-- Deep linking -->
88            <meta-data
88-->src\main\AndroidManifest.xml:47:13-90
89                android:name="flutter_deeplinking_enabled"
89-->src\main\AndroidManifest.xml:47:24-66
90                android:value="true" />
90-->src\main\AndroidManifest.xml:47:67-87
91
92            <intent-filter android:autoVerify="true" >
92-->src\main\AndroidManifest.xml:48:13-53:29
92-->src\main\AndroidManifest.xml:48:28-53
93                <action android:name="android.intent.action.VIEW" />
93-->src\main\AndroidManifest.xml:49:17-69
93-->src\main\AndroidManifest.xml:49:25-66
94
95                <category android:name="android.intent.category.DEFAULT" />
95-->src\main\AndroidManifest.xml:50:17-76
95-->src\main\AndroidManifest.xml:50:27-73
96                <category android:name="android.intent.category.BROWSABLE" />
96-->src\main\AndroidManifest.xml:51:17-78
96-->src\main\AndroidManifest.xml:51:27-75
97
98                <data
98-->src\main\AndroidManifest.xml:52:17-83
99                    android:host="eventphoto.com"
99-->src\main\AndroidManifest.xml:52:51-80
100                    android:scheme="eventphoto" />
100-->src\main\AndroidManifest.xml:52:23-50
101            </intent-filter>
102        </activity>
103
104        <!--
105             Don't delete the meta-data below.
106             This is used by the Flutter tool to generate GeneratedPluginRegistrant.java
107        -->
108        <meta-data
108-->src\main\AndroidManifest.xml:59:9-61:33
109            android:name="flutterEmbedding"
109-->src\main\AndroidManifest.xml:60:13-44
110            android:value="2" />
110-->src\main\AndroidManifest.xml:61:13-30
111
112        <service
112-->[:cloud_firestore] AndroidManifest.xml:8:9-12:19
113            android:name="com.google.firebase.components.ComponentDiscoveryService"
113-->[:cloud_firestore] AndroidManifest.xml:8:18-89
114            android:directBootAware="true"
114-->[com.google.firebase:firebase-common:21.0.0] AndroidManifest.xml:32:13-43
115            android:exported="false" >
115-->[com.google.firebase:firebase-auth:23.1.0] AndroidManifest.xml:68:13-37
116            <meta-data
116-->[:cloud_firestore] AndroidManifest.xml:9:13-11:85
117                android:name="com.google.firebase.components:io.flutter.plugins.firebase.firestore.FlutterFirebaseFirestoreRegistrar"
117-->[:cloud_firestore] AndroidManifest.xml:10:17-134
118                android:value="com.google.firebase.components.ComponentRegistrar" />
118-->[:cloud_firestore] AndroidManifest.xml:11:17-82
119            <meta-data
119-->[:firebase_auth] AndroidManifest.xml:9:13-11:85
120                android:name="com.google.firebase.components:io.flutter.plugins.firebase.auth.FlutterFirebaseAuthRegistrar"
120-->[:firebase_auth] AndroidManifest.xml:10:17-124
121                android:value="com.google.firebase.components.ComponentRegistrar" />
121-->[:firebase_auth] AndroidManifest.xml:11:17-82
122            <meta-data
122-->[:firebase_performance] AndroidManifest.xml:11:13-13:85
123                android:name="com.google.firebase.components:io.flutter.plugins.firebase.performance.FlutterFirebaseAppRegistrar"
123-->[:firebase_performance] AndroidManifest.xml:12:17-130
124                android:value="com.google.firebase.components.ComponentRegistrar" />
124-->[:firebase_performance] AndroidManifest.xml:13:17-82
125            <meta-data
125-->[:firebase_storage] AndroidManifest.xml:9:13-11:85
126                android:name="com.google.firebase.components:io.flutter.plugins.firebase.storage.FlutterFirebaseAppRegistrar"
126-->[:firebase_storage] AndroidManifest.xml:10:17-126
127                android:value="com.google.firebase.components.ComponentRegistrar" />
127-->[:firebase_storage] AndroidManifest.xml:11:17-82
128            <meta-data
128-->[:firebase_core] AndroidManifest.xml:9:13-11:85
129                android:name="com.google.firebase.components:io.flutter.plugins.firebase.core.FlutterFirebaseCoreRegistrar"
129-->[:firebase_core] AndroidManifest.xml:10:17-124
130                android:value="com.google.firebase.components.ComponentRegistrar" />
130-->[:firebase_core] AndroidManifest.xml:11:17-82
131            <meta-data
131-->[com.google.firebase:firebase-auth:23.1.0] AndroidManifest.xml:69:13-71:85
132                android:name="com.google.firebase.components:com.google.firebase.auth.FirebaseAuthRegistrar"
132-->[com.google.firebase:firebase-auth:23.1.0] AndroidManifest.xml:70:17-109
133                android:value="com.google.firebase.components.ComponentRegistrar" />
133-->[com.google.firebase:firebase-auth:23.1.0] AndroidManifest.xml:71:17-82
134            <meta-data
134-->[com.google.firebase:firebase-perf:21.0.2] AndroidManifest.xml:14:13-16:85
135                android:name="com.google.firebase.components:com.google.firebase.perf.FirebasePerfKtxRegistrar"
135-->[com.google.firebase:firebase-perf:21.0.2] AndroidManifest.xml:15:17-112
136                android:value="com.google.firebase.components.ComponentRegistrar" />
136-->[com.google.firebase:firebase-perf:21.0.2] AndroidManifest.xml:16:17-82
137            <meta-data
137-->[com.google.firebase:firebase-perf:21.0.2] AndroidManifest.xml:17:13-19:85
138                android:name="com.google.firebase.components:com.google.firebase.perf.FirebasePerfRegistrar"
138-->[com.google.firebase:firebase-perf:21.0.2] AndroidManifest.xml:18:17-109
139                android:value="com.google.firebase.components.ComponentRegistrar" />
139-->[com.google.firebase:firebase-perf:21.0.2] AndroidManifest.xml:19:17-82
140            <meta-data
140-->[com.google.firebase:firebase-firestore:25.1.1] AndroidManifest.xml:17:13-19:85
141                android:name="com.google.firebase.components:com.google.firebase.firestore.FirebaseFirestoreKtxRegistrar"
141-->[com.google.firebase:firebase-firestore:25.1.1] AndroidManifest.xml:18:17-122
142                android:value="com.google.firebase.components.ComponentRegistrar" />
142-->[com.google.firebase:firebase-firestore:25.1.1] AndroidManifest.xml:19:17-82
143            <meta-data
143-->[com.google.firebase:firebase-firestore:25.1.1] AndroidManifest.xml:20:13-22:85
144                android:name="com.google.firebase.components:com.google.firebase.firestore.FirestoreRegistrar"
144-->[com.google.firebase:firebase-firestore:25.1.1] AndroidManifest.xml:21:17-111
145                android:value="com.google.firebase.components.ComponentRegistrar" />
145-->[com.google.firebase:firebase-firestore:25.1.1] AndroidManifest.xml:22:17-82
146            <meta-data
146-->[com.google.firebase:firebase-storage:21.0.1] AndroidManifest.xml:30:13-32:85
147                android:name="com.google.firebase.components:com.google.firebase.storage.FirebaseStorageKtxRegistrar"
147-->[com.google.firebase:firebase-storage:21.0.1] AndroidManifest.xml:31:17-118
148                android:value="com.google.firebase.components.ComponentRegistrar" />
148-->[com.google.firebase:firebase-storage:21.0.1] AndroidManifest.xml:32:17-82
149            <meta-data
149-->[com.google.firebase:firebase-storage:21.0.1] AndroidManifest.xml:33:13-35:85
150                android:name="com.google.firebase.components:com.google.firebase.storage.StorageRegistrar"
150-->[com.google.firebase:firebase-storage:21.0.1] AndroidManifest.xml:34:17-107
151                android:value="com.google.firebase.components.ComponentRegistrar" />
151-->[com.google.firebase:firebase-storage:21.0.1] AndroidManifest.xml:35:17-82
152            <meta-data
152-->[com.google.firebase:firebase-config:22.0.1] AndroidManifest.xml:29:13-31:85
153                android:name="com.google.firebase.components:com.google.firebase.remoteconfig.FirebaseRemoteConfigKtxRegistrar"
153-->[com.google.firebase:firebase-config:22.0.1] AndroidManifest.xml:30:17-128
154                android:value="com.google.firebase.components.ComponentRegistrar" />
154-->[com.google.firebase:firebase-config:22.0.1] AndroidManifest.xml:31:17-82
155            <meta-data
155-->[com.google.firebase:firebase-config:22.0.1] AndroidManifest.xml:32:13-34:85
156                android:name="com.google.firebase.components:com.google.firebase.remoteconfig.RemoteConfigRegistrar"
156-->[com.google.firebase:firebase-config:22.0.1] AndroidManifest.xml:33:17-117
157                android:value="com.google.firebase.components.ComponentRegistrar" />
157-->[com.google.firebase:firebase-config:22.0.1] AndroidManifest.xml:34:17-82
158            <meta-data
158-->[com.google.firebase:firebase-sessions:2.0.0] AndroidManifest.xml:29:13-31:85
159                android:name="com.google.firebase.components:com.google.firebase.sessions.FirebaseSessionsRegistrar"
159-->[com.google.firebase:firebase-sessions:2.0.0] AndroidManifest.xml:30:17-117
160                android:value="com.google.firebase.components.ComponentRegistrar" />
160-->[com.google.firebase:firebase-sessions:2.0.0] AndroidManifest.xml:31:17-82
161            <meta-data
161-->[com.google.firebase:firebase-installations:18.0.0] AndroidManifest.xml:15:13-17:85
162                android:name="com.google.firebase.components:com.google.firebase.installations.FirebaseInstallationsKtxRegistrar"
162-->[com.google.firebase:firebase-installations:18.0.0] AndroidManifest.xml:16:17-130
163                android:value="com.google.firebase.components.ComponentRegistrar" />
163-->[com.google.firebase:firebase-installations:18.0.0] AndroidManifest.xml:17:17-82
164            <meta-data
164-->[com.google.firebase:firebase-installations:18.0.0] AndroidManifest.xml:18:13-20:85
165                android:name="com.google.firebase.components:com.google.firebase.installations.FirebaseInstallationsRegistrar"
165-->[com.google.firebase:firebase-installations:18.0.0] AndroidManifest.xml:19:17-127
166                android:value="com.google.firebase.components.ComponentRegistrar" />
166-->[com.google.firebase:firebase-installations:18.0.0] AndroidManifest.xml:20:17-82
167            <meta-data
167-->[com.google.firebase:firebase-appcheck:18.0.0] AndroidManifest.xml:25:13-27:85
168                android:name="com.google.firebase.components:com.google.firebase.appcheck.FirebaseAppCheckKtxRegistrar"
168-->[com.google.firebase:firebase-appcheck:18.0.0] AndroidManifest.xml:26:17-120
169                android:value="com.google.firebase.components.ComponentRegistrar" />
169-->[com.google.firebase:firebase-appcheck:18.0.0] AndroidManifest.xml:27:17-82
170            <meta-data
170-->[com.google.firebase:firebase-appcheck:18.0.0] AndroidManifest.xml:28:13-30:85
171                android:name="com.google.firebase.components:com.google.firebase.appcheck.FirebaseAppCheckRegistrar"
171-->[com.google.firebase:firebase-appcheck:18.0.0] AndroidManifest.xml:29:17-117
172                android:value="com.google.firebase.components.ComponentRegistrar" />
172-->[com.google.firebase:firebase-appcheck:18.0.0] AndroidManifest.xml:30:17-82
173            <meta-data
173-->[com.google.firebase:firebase-common-ktx:21.0.0] AndroidManifest.xml:12:13-14:85
174                android:name="com.google.firebase.components:com.google.firebase.ktx.FirebaseCommonLegacyRegistrar"
174-->[com.google.firebase:firebase-common-ktx:21.0.0] AndroidManifest.xml:13:17-116
175                android:value="com.google.firebase.components.ComponentRegistrar" />
175-->[com.google.firebase:firebase-common-ktx:21.0.0] AndroidManifest.xml:14:17-82
176            <meta-data
176-->[com.google.firebase:firebase-common:21.0.0] AndroidManifest.xml:35:13-37:85
177                android:name="com.google.firebase.components:com.google.firebase.FirebaseCommonKtxRegistrar"
177-->[com.google.firebase:firebase-common:21.0.0] AndroidManifest.xml:36:17-109
178                android:value="com.google.firebase.components.ComponentRegistrar" />
178-->[com.google.firebase:firebase-common:21.0.0] AndroidManifest.xml:37:17-82
179            <meta-data
179-->[com.google.firebase:firebase-abt:21.1.1] AndroidManifest.xml:12:13-14:85
180                android:name="com.google.firebase.components:com.google.firebase.abt.component.AbtRegistrar"
180-->[com.google.firebase:firebase-abt:21.1.1] AndroidManifest.xml:13:17-109
181                android:value="com.google.firebase.components.ComponentRegistrar" />
181-->[com.google.firebase:firebase-abt:21.1.1] AndroidManifest.xml:14:17-82
182            <meta-data
182-->[com.google.firebase:firebase-datatransport:18.1.8] AndroidManifest.xml:27:13-29:85
183                android:name="com.google.firebase.components:com.google.firebase.datatransport.TransportRegistrar"
183-->[com.google.firebase:firebase-datatransport:18.1.8] AndroidManifest.xml:28:17-115
184                android:value="com.google.firebase.components.ComponentRegistrar" />
184-->[com.google.firebase:firebase-datatransport:18.1.8] AndroidManifest.xml:29:17-82
185        </service>
186
187        <provider
187-->[:image_picker_android] AndroidManifest.xml:9:9-17:20
188            android:name="io.flutter.plugins.imagepicker.ImagePickerFileProvider"
188-->[:image_picker_android] AndroidManifest.xml:10:13-82
189            android:authorities="com.mycompany.eventphoto.flutter.image_provider"
189-->[:image_picker_android] AndroidManifest.xml:11:13-74
190            android:exported="false"
190-->[:image_picker_android] AndroidManifest.xml:12:13-37
191            android:grantUriPermissions="true" >
191-->[:image_picker_android] AndroidManifest.xml:13:13-47
192            <meta-data
192-->[:image_picker_android] AndroidManifest.xml:14:13-16:75
193                android:name="android.support.FILE_PROVIDER_PATHS"
193-->[:image_picker_android] AndroidManifest.xml:15:17-67
194                android:resource="@xml/flutter_image_picker_file_paths" />
194-->[:image_picker_android] AndroidManifest.xml:16:17-72
195        </provider> <!-- Trigger Google Play services to install the backported photo picker module. -->
196        <service
196-->[:image_picker_android] AndroidManifest.xml:19:9-31:19
197            android:name="com.google.android.gms.metadata.ModuleDependencies"
197-->[:image_picker_android] AndroidManifest.xml:20:13-78
198            android:enabled="false"
198-->[:image_picker_android] AndroidManifest.xml:21:13-36
199            android:exported="false" >
199-->[:image_picker_android] AndroidManifest.xml:22:13-37
200            <intent-filter>
200-->[:image_picker_android] AndroidManifest.xml:24:13-26:29
201                <action android:name="com.google.android.gms.metadata.MODULE_DEPENDENCIES" />
201-->[:image_picker_android] AndroidManifest.xml:25:17-94
201-->[:image_picker_android] AndroidManifest.xml:25:25-91
202            </intent-filter>
203
204            <meta-data
204-->[:image_picker_android] AndroidManifest.xml:28:13-30:36
205                android:name="photopicker_activity:0:required"
205-->[:image_picker_android] AndroidManifest.xml:29:17-63
206                android:value="" />
206-->[:image_picker_android] AndroidManifest.xml:30:17-33
207        </service>
208
209        <activity
209-->[:url_launcher_android] AndroidManifest.xml:8:9-11:74
210            android:name="io.flutter.plugins.urllauncher.WebViewActivity"
210-->[:url_launcher_android] AndroidManifest.xml:9:13-74
211            android:exported="false"
211-->[:url_launcher_android] AndroidManifest.xml:10:13-37
212            android:theme="@android:style/Theme.NoTitleBar.Fullscreen" />
212-->[:url_launcher_android] AndroidManifest.xml:11:13-71
213
214        <service
214-->[androidx.camera:camera-camera2:1.4.1] AndroidManifest.xml:24:9-33:19
215            android:name="androidx.camera.core.impl.MetadataHolderService"
215-->[androidx.camera:camera-camera2:1.4.1] AndroidManifest.xml:25:13-75
216            android:enabled="false"
216-->[androidx.camera:camera-camera2:1.4.1] AndroidManifest.xml:26:13-36
217            android:exported="false" >
217-->[androidx.camera:camera-camera2:1.4.1] AndroidManifest.xml:27:13-37
218            <meta-data
218-->[androidx.camera:camera-camera2:1.4.1] AndroidManifest.xml:30:13-32:89
219                android:name="androidx.camera.core.impl.MetadataHolderService.DEFAULT_CONFIG_PROVIDER"
219-->[androidx.camera:camera-camera2:1.4.1] AndroidManifest.xml:31:17-103
220                android:value="androidx.camera.camera2.Camera2Config$DefaultProvider" />
220-->[androidx.camera:camera-camera2:1.4.1] AndroidManifest.xml:32:17-86
221        </service>
222
223        <activity
223-->[com.google.firebase:firebase-auth:23.1.0] AndroidManifest.xml:29:9-46:20
224            android:name="com.google.firebase.auth.internal.GenericIdpActivity"
224-->[com.google.firebase:firebase-auth:23.1.0] AndroidManifest.xml:30:13-80
225            android:excludeFromRecents="true"
225-->[com.google.firebase:firebase-auth:23.1.0] AndroidManifest.xml:31:13-46
226            android:exported="true"
226-->[com.google.firebase:firebase-auth:23.1.0] AndroidManifest.xml:32:13-36
227            android:launchMode="singleTask"
227-->[com.google.firebase:firebase-auth:23.1.0] AndroidManifest.xml:33:13-44
228            android:theme="@android:style/Theme.Translucent.NoTitleBar" >
228-->[com.google.firebase:firebase-auth:23.1.0] AndroidManifest.xml:34:13-72
229            <intent-filter>
229-->[com.google.firebase:firebase-auth:23.1.0] AndroidManifest.xml:35:13-45:29
230                <action android:name="android.intent.action.VIEW" />
230-->src\main\AndroidManifest.xml:49:17-69
230-->src\main\AndroidManifest.xml:49:25-66
231
232                <category android:name="android.intent.category.DEFAULT" />
232-->src\main\AndroidManifest.xml:50:17-76
232-->src\main\AndroidManifest.xml:50:27-73
233                <category android:name="android.intent.category.BROWSABLE" />
233-->src\main\AndroidManifest.xml:51:17-78
233-->src\main\AndroidManifest.xml:51:27-75
234
235                <data
235-->src\main\AndroidManifest.xml:52:17-83
236                    android:host="firebase.auth"
236-->src\main\AndroidManifest.xml:52:51-80
237                    android:path="/"
238                    android:scheme="genericidp" />
238-->src\main\AndroidManifest.xml:52:23-50
239            </intent-filter>
240        </activity>
241        <activity
241-->[com.google.firebase:firebase-auth:23.1.0] AndroidManifest.xml:47:9-64:20
242            android:name="com.google.firebase.auth.internal.RecaptchaActivity"
242-->[com.google.firebase:firebase-auth:23.1.0] AndroidManifest.xml:48:13-79
243            android:excludeFromRecents="true"
243-->[com.google.firebase:firebase-auth:23.1.0] AndroidManifest.xml:49:13-46
244            android:exported="true"
244-->[com.google.firebase:firebase-auth:23.1.0] AndroidManifest.xml:50:13-36
245            android:launchMode="singleTask"
245-->[com.google.firebase:firebase-auth:23.1.0] AndroidManifest.xml:51:13-44
246            android:theme="@android:style/Theme.Translucent.NoTitleBar" >
246-->[com.google.firebase:firebase-auth:23.1.0] AndroidManifest.xml:52:13-72
247            <intent-filter>
247-->[com.google.firebase:firebase-auth:23.1.0] AndroidManifest.xml:53:13-63:29
248                <action android:name="android.intent.action.VIEW" />
248-->src\main\AndroidManifest.xml:49:17-69
248-->src\main\AndroidManifest.xml:49:25-66
249
250                <category android:name="android.intent.category.DEFAULT" />
250-->src\main\AndroidManifest.xml:50:17-76
250-->src\main\AndroidManifest.xml:50:27-73
251                <category android:name="android.intent.category.BROWSABLE" />
251-->src\main\AndroidManifest.xml:51:17-78
251-->src\main\AndroidManifest.xml:51:27-75
252
253                <data
253-->src\main\AndroidManifest.xml:52:17-83
254                    android:host="firebase.auth"
254-->src\main\AndroidManifest.xml:52:51-80
255                    android:path="/"
256                    android:scheme="recaptcha" />
256-->src\main\AndroidManifest.xml:52:23-50
257            </intent-filter>
258        </activity>
259
260        <service
260-->[androidx.credentials:credentials-play-services-auth:1.2.0-rc01] AndroidManifest.xml:24:9-32:19
261            android:name="androidx.credentials.playservices.CredentialProviderMetadataHolder"
261-->[androidx.credentials:credentials-play-services-auth:1.2.0-rc01] AndroidManifest.xml:25:13-94
262            android:enabled="true"
262-->[androidx.credentials:credentials-play-services-auth:1.2.0-rc01] AndroidManifest.xml:26:13-35
263            android:exported="false" >
263-->[androidx.credentials:credentials-play-services-auth:1.2.0-rc01] AndroidManifest.xml:27:13-37
264            <meta-data
264-->[androidx.credentials:credentials-play-services-auth:1.2.0-rc01] AndroidManifest.xml:29:13-31:104
265                android:name="androidx.credentials.CREDENTIAL_PROVIDER_KEY"
265-->[androidx.credentials:credentials-play-services-auth:1.2.0-rc01] AndroidManifest.xml:30:17-76
266                android:value="androidx.credentials.playservices.CredentialProviderPlayServicesImpl" />
266-->[androidx.credentials:credentials-play-services-auth:1.2.0-rc01] AndroidManifest.xml:31:17-101
267        </service>
268
269        <activity
269-->[androidx.credentials:credentials-play-services-auth:1.2.0-rc01] AndroidManifest.xml:34:9-41:20
270            android:name="androidx.credentials.playservices.HiddenActivity"
270-->[androidx.credentials:credentials-play-services-auth:1.2.0-rc01] AndroidManifest.xml:35:13-76
271            android:configChanges="orientation|screenSize|screenLayout|keyboardHidden"
271-->[androidx.credentials:credentials-play-services-auth:1.2.0-rc01] AndroidManifest.xml:36:13-87
272            android:enabled="true"
272-->[androidx.credentials:credentials-play-services-auth:1.2.0-rc01] AndroidManifest.xml:37:13-35
273            android:exported="false"
273-->[androidx.credentials:credentials-play-services-auth:1.2.0-rc01] AndroidManifest.xml:38:13-37
274            android:fitsSystemWindows="true"
274-->[androidx.credentials:credentials-play-services-auth:1.2.0-rc01] AndroidManifest.xml:39:13-45
275            android:theme="@style/Theme.Hidden" >
275-->[androidx.credentials:credentials-play-services-auth:1.2.0-rc01] AndroidManifest.xml:40:13-48
276        </activity>
277        <activity
277-->[com.google.android.gms:play-services-auth:21.0.0] AndroidManifest.xml:23:9-27:75
278            android:name="com.google.android.gms.auth.api.signin.internal.SignInHubActivity"
278-->[com.google.android.gms:play-services-auth:21.0.0] AndroidManifest.xml:24:13-93
279            android:excludeFromRecents="true"
279-->[com.google.android.gms:play-services-auth:21.0.0] AndroidManifest.xml:25:13-46
280            android:exported="false"
280-->[com.google.android.gms:play-services-auth:21.0.0] AndroidManifest.xml:26:13-37
281            android:theme="@android:style/Theme.Translucent.NoTitleBar" />
281-->[com.google.android.gms:play-services-auth:21.0.0] AndroidManifest.xml:27:13-72
282        <!--
283            Service handling Google Sign-In user revocation. For apps that do not integrate with
284            Google Sign-In, this service will never be started.
285        -->
286        <service
286-->[com.google.android.gms:play-services-auth:21.0.0] AndroidManifest.xml:33:9-37:51